<?xml version="1.0" encoding="UTF-8"?>
<!-- Generated by org.testng.reporters.JUnitReportReporter -->
<testsuite skipped="0" hostname="Andrews-MBP" name="scripts.UnitedHeaderTest" tests="1" failures="0" timestamp="2023-01-30T13:53:04 CST" time="12.456" errors="0">
  <testcase name="validateMainManuNavigationItems" time="12.456" classname="scripts.UnitedHeaderTest"/>
  <system-out/>
</testsuite> <!-- scripts.UnitedHeaderTest -->
