<?xml version="1.0" encoding="UTF-8"?>
<!-- Generated by org.testng.reporters.JUnitReportReporter -->
<testsuite skipped="0" hostname="Andrews-MBP" name="scripts.UnitedMainPageTest" tests="4" failures="0" timestamp="2023-01-30T13:53:04 CST" time="44.060" errors="0">
  <testcase name="validateBookTravelManuNavigationItems" time="7.793" classname="scripts.UnitedMainPageTest"/>
  <system-out/>
  <testcase name="validateRadioButtons" time="10.341" classname="scripts.UnitedMainPageTest"/>
  <system-out/>
  <testcase name="validateCheckBoxes" time="10.330" classname="scripts.UnitedMainPageTest"/>
  <system-out/>
  <testcase name="validateOneWayTicketSearch" time="15.596" classname="scripts.UnitedMainPageTest"/>
  <system-out/>
</testsuite> <!-- scripts.UnitedMainPageTest -->
