<?xml version="1.0" encoding="UTF-8"?>
<!-- Generated by org.testng.reporters.JUnitReportReporter -->
<testsuite skipped="0" hostname="Andrews-MBP.local.tld" name="scripts.UnitedBasePageTest" tests="5" failures="0" timestamp="2023-01-31T17:26:10 CST" time="59.504" errors="0">
  <testcase name="validateMainManuNavigationItems" time="11.305" classname="scripts.UnitedBasePageTest"/>
  <system-out/>
  <testcase name="validateBookTravelManuNavigationItems" time="10.664" classname="scripts.UnitedBasePageTest"/>
  <system-out/>
  <testcase name="validateRadioButtons" time="11.020" classname="scripts.UnitedBasePageTest"/>
  <system-out/>
  <testcase name="validateCheckBoxes" time="10.326" classname="scripts.UnitedBasePageTest"/>
  <system-out/>
  <testcase name="validateOneWayTicketSearch" time="16.189" classname="scripts.UnitedBasePageTest"/>
  <system-out/>
</testsuite> <!-- scripts.UnitedBasePageTest -->
