<?xml version="1.0" encoding="UTF-8"?>
<!-- Generated by org.testng.reporters.JUnitReportReporter -->
<testsuite skipped="0" hostname="Andrews-MBP.local.tld" name="scripts.UnitedMainPageTest" tests="4" failures="0" timestamp="2023-01-29T13:09:54 CST" time="41.516" errors="0">
  <testcase name="validateBookTravelManuNavigationItems" time="8.892" classname="scripts.UnitedMainPageTest"/>
  <system-out/>
  <testcase name="validateRadioButtons" time="8.571" classname="scripts.UnitedMainPageTest"/>
  <system-out/>
  <testcase name="validateCheckBoxes" time="9.873" classname="scripts.UnitedMainPageTest"/>
  <system-out/>
  <testcase name="validateOneWayTicketSearch" time="14.180" classname="scripts.UnitedMainPageTest"/>
  <system-out/>
</testsuite> <!-- scripts.UnitedMainPageTest -->
