<?xml version="1.0" encoding="UTF-8"?>
<!-- Generated by org.testng.reporters.JUnitReportReporter -->
<testsuite skipped="0" hostname="Andrews-MBP.local.tld" name="scripts.UnitedHeaderTest" tests="1" failures="0" timestamp="2023-01-29T13:09:54 CST" time="10.889" errors="0">
  <testcase name="validateMainManuNavigationItems" time="10.889" classname="scripts.UnitedHeaderTest"/>
  <system-out/>
</testsuite> <!-- scripts.UnitedHeaderTest -->
