<?xml version="1.0" encoding="UTF-8"?>
<!-- Generated by org.testng.reporters.JUnitReportReporter -->
<testsuite skipped="0" hostname="Andrews-MBP.local.tld" name="scripts.UnitedBasePageTest" tests="4" failures="0" timestamp="2023-01-31T16:54:10 CST" time="42.324" errors="0">
  <testcase name="validateBookTravelManuNavigationItems" time="9.122" classname="scripts.UnitedBasePageTest"/>
  <system-out/>
  <testcase name="validateRadioButtons" time="8.666" classname="scripts.UnitedBasePageTest"/>
  <system-out/>
  <testcase name="validateCheckBoxes" time="9.091" classname="scripts.UnitedBasePageTest"/>
  <system-out/>
  <testcase name="validateOneWayTicketSearch" time="15.445" classname="scripts.UnitedBasePageTest"/>
  <system-out/>
</testsuite> <!-- scripts.UnitedBasePageTest -->
